0 info it worked if it ends with ok
1 verbose cli [ 'C:\\Program Files\\nodejs\\node.exe',
1 verbose cli   'C:\\Program Files\\nodejs\\node_modules\\npm\\bin\\npm-cli.js',
1 verbose cli   'install',
1 verbose cli   'crypto-js',
1 verbose cli   '--save' ]
2 info using npm@2.14.7
3 info using node@v4.2.2
4 verbose install initial load of C:\Users\heshanr\Desktop\Desktop\TestCodes\test\package.json
5 verbose installManyTop reading scoped package data from C:\Users\heshanr\Desktop\Desktop\TestCodes\test\node_modules\body-parser\package.json
6 verbose installManyTop reading scoped package data from C:\Users\heshanr\Desktop\Desktop\TestCodes\test\node_modules\cookie-parser\package.json
7 verbose installManyTop reading scoped package data from C:\Users\heshanr\Desktop\Desktop\TestCodes\test\node_modules\cron\package.json
8 verbose installManyTop reading scoped package data from C:\Users\heshanr\Desktop\Desktop\TestCodes\test\node_modules\crypto\package.json
9 verbose installManyTop reading scoped package data from C:\Users\heshanr\Desktop\Desktop\TestCodes\test\node_modules\debug\package.json
10 verbose installManyTop reading scoped package data from C:\Users\heshanr\Desktop\Desktop\TestCodes\test\node_modules\ejs\package.json
11 verbose installManyTop reading scoped package data from C:\Users\heshanr\Desktop\Desktop\TestCodes\test\node_modules\express\package.json
12 verbose installManyTop reading scoped package data from C:\Users\heshanr\Desktop\Desktop\TestCodes\test\node_modules\lodash\package.json
13 verbose installManyTop reading scoped package data from C:\Users\heshanr\Desktop\Desktop\TestCodes\test\node_modules\method-override\package.json
14 verbose installManyTop reading scoped package data from C:\Users\heshanr\Desktop\Desktop\TestCodes\test\node_modules\mongodb\package.json
15 verbose installManyTop reading scoped package data from C:\Users\heshanr\Desktop\Desktop\TestCodes\test\node_modules\morgan\package.json
16 verbose installManyTop reading scoped package data from C:\Users\heshanr\Desktop\Desktop\TestCodes\test\node_modules\nodemailer\package.json
17 verbose installManyTop reading scoped package data from C:\Users\heshanr\Desktop\Desktop\TestCodes\test\node_modules\request\package.json
18 verbose installManyTop reading scoped package data from C:\Users\heshanr\Desktop\Desktop\TestCodes\test\node_modules\serve-favicon\package.json
19 verbose installManyTop reading scoped package data from C:\Users\heshanr\Desktop\Desktop\TestCodes\test\node_modules\socket.io\package.json
20 verbose installManyTop reading scoped package data from C:\Users\heshanr\Desktop\Desktop\TestCodes\test\node_modules\xoauth2\package.json
21 info package.json crypto@0.0.3 crypto is also the name of a node core module.
22 info package.json crypto@0.0.3 No license field.
23 info package.json cookie-parser@1.3.4 No license field.
24 info package.json ejs@1.0.0 No license field.
25 info package.json cron@1.0.0 No license field.
26 info package.json request@2.36.0 license should be a valid SPDX license expression
27 verbose readDependencies loading dependencies from C:\Users\heshanr\Desktop\Desktop\TestCodes\test\package.json
28 silly cache add args [ 'crypto-js', null ]
29 verbose cache add spec crypto-js
30 silly cache add parsed spec Result {
30 silly cache add   raw: 'crypto-js',
30 silly cache add   scope: null,
30 silly cache add   name: 'crypto-js',
30 silly cache add   rawSpec: '',
30 silly cache add   spec: '*',
30 silly cache add   type: 'range' }
31 silly addNamed crypto-js@*
32 verbose addNamed "*" is a valid semver range for crypto-js
33 silly addNameRange { name: 'crypto-js', range: '*', hasData: false }
34 silly mapToRegistry name crypto-js
35 silly mapToRegistry using default registry
36 silly mapToRegistry registry https://registry.npmjs.org/
37 silly mapToRegistry uri https://registry.npmjs.org/crypto-js
38 verbose addNameRange registry:https://registry.npmjs.org/crypto-js not in flight; fetching
39 verbose request uri https://registry.npmjs.org/crypto-js
40 verbose request no auth needed
41 info attempt registry request try #1 at 11:53:52 AM
42 verbose request id 356c47bdfb3cabe4
43 http request GET https://registry.npmjs.org/crypto-js
44 info retry will retry, error on last attempt: Error: tunneling socket could not be established, cause=Parse Error
45 info attempt registry request try #2 at 11:54:02 AM
46 http request GET https://registry.npmjs.org/crypto-js
47 info retry will retry, error on last attempt: Error: tunneling socket could not be established, cause=Parse Error
48 info attempt registry request try #3 at 11:55:02 AM
49 http request GET https://registry.npmjs.org/crypto-js
50 verbose stack Error: tunneling socket could not be established, cause=Parse Error
50 verbose stack     at ClientRequest.onError (C:\Program Files\nodejs\node_modules\npm\node_modules\request\node_modules\tunnel-agent\index.js:174:17)
50 verbose stack     at ClientRequest.g (events.js:260:16)
50 verbose stack     at emitOne (events.js:77:13)
50 verbose stack     at ClientRequest.emit (events.js:169:7)
50 verbose stack     at Socket.socketOnData (_http_client.js:310:9)
50 verbose stack     at emitOne (events.js:77:13)
50 verbose stack     at Socket.emit (events.js:169:7)
50 verbose stack     at readableAddChunk (_stream_readable.js:146:16)
50 verbose stack     at Socket.Readable.push (_stream_readable.js:110:10)
50 verbose stack     at TCP.onread (net.js:523:20)
51 verbose cwd C:\Users\heshanr\Desktop\Desktop\TestCodes\test
52 error Windows_NT 6.3.9600
53 error argv "C:\\Program Files\\nodejs\\node.exe" "C:\\Program Files\\nodejs\\node_modules\\npm\\bin\\npm-cli.js" "install" "crypto-js" "--save"
54 error node v4.2.2
55 error npm  v2.14.7
56 error code ECONNRESET
57 error network tunneling socket could not be established, cause=Parse Error
57 error network This is most likely not a problem with npm itself
57 error network and is related to network connectivity.
57 error network In most cases you are behind a proxy or have bad network settings.
57 error network
57 error network If you are behind a proxy, please make sure that the
57 error network 'proxy' config is set properly.  See: 'npm help config'
58 verbose exit [ 1, true ]
